Solid Edge Translation to STL
Date: Saturday,July 10,2021 03:54PM
Source File:D:\RepositoriosGIT\Nero_3Dprinter_NM\CAD\designed_parts\LinearBearingHolder.par
Source System: SOLID EDGE

Hardware:
Processor: Intel(R) Core(TM) i5-8300H CPU @ 2.30GHz
Operating System: Windows 10
Installed Memory: 7.84 GB

Software Information:
Parasolid Version: 31.1.255
PSBodyshop Version: 31.1.110
Solid Edge Version: 220.00.00.104 x64

STL Export Options:
Output File Format:BINARY
Export Displayed Parts:Off
structureOption: Monolithic
Export Units:Millimeter
Export Tolerance Value:0.050000
Export Tolerance Type:Custom
Export Surface Plane Angle Value:0.523599

Translation progress:
Phase 1 of 2 Fetching Parasolid information...
Number of STL file Created : 1
Translation process completed
Time required to translate:00 : 00 : 00
